<?xml version="1.0" encoding="UTF-8"?>
<!-- Generated by org.testng.reporters.JUnitReportReporter -->
<testsuite hostname="LAPTOP-VSU3QIHN" failures="0" tests="1" name="com.tests.FilpKartTest" time="13.108" errors="0" timestamp="2022-05-10T22:18:44 IST" skipped="0">
  <testcase classname="com.tests.FilpKartTest" name="flipkartSearchTest" time="13.108"/>
  <system-out/>
</testsuite> <!-- com.tests.FilpKartTest -->
